# JRE version: OpenJDK Runtime Environment (8.0_242) (build 1.8.0_242-release-1644-b3-6222593)
# Java VM: OpenJDK 64-Bit Server VM (25.242-b3-6222593 mixed mode linux-amd64 compressed oops)
Heap:
 PSYoungGen      total 586240K, used 42883K [0x00000000d5580000, 0x00000000fda80000, 0x0000000100000000)
  eden space 555008K, 4% used [0x00000000d5580000,0x00000000d6dffcd0,0x00000000f7380000)
  from space 31232K, 56% used [0x00000000fbc00000,0x00000000fcd60f30,0x00000000fda80000)
  to   space 52736K, 0% used [0x00000000f7380000,0x00000000f7380000,0x00000000fa700000)
 ParOldGen       total 181760K, used 117439K [0x0000000080000000, 0x000000008b180000, 0x00000000d5580000)
  object space 181760K, 64% used [0x0000000080000000,0x00000000872aff88,0x000000008b180000)
 Metaspace       used 90615K, capacity 95178K, committed 95272K, reserved 1132544K
  class space    used 11948K, capacity 12842K, committed 12848K, reserved 1048576K
GC Heap History (10 events):
Event: 40.323 GC heap before
{Heap before GC invocations=14 (full 3):
 PSYoungGen      total 355840K, used 333824K [0x00000000d5580000, 0x00000000ecb00000, 0x0000000100000000)
  eden space 333824K, 100% used [0x00000000d5580000,0x00000000e9b80000,0x00000000e9b80000)
  from space 22016K, 0% used [0x00000000eb300000,0x00000000eb300000,0x00000000ec880000)
  to   space 24064K, 0% used [0x00000000e9b80000,0x00000000e9b80000,0x00000000eb300000)
 ParOldGen       total 91648K, used 31639K [0x0000000080000000, 0x0000000085980000, 0x00000000d5580000)
  object space 91648K, 34% used [0x0000000080000000,0x0000000081ee5ce8,0x0000000085980000)
 Metaspace       used 71291K, capacity 74380K, committed 74664K, reserved 1114112K
  class space    used 9768K, capacity 10395K, committed 10416K, reserved 1048576K
Event: 40.378 GC heap after
Heap after GC invocations=14 (full 3):
 PSYoungGen      total 357888K, used 24063K [0x00000000d5580000, 0x00000000f5780000, 0x0000000100000000)
  eden space 333824K, 0% used [0x00000000d5580000,0x00000000d5580000,0x00000000e9b80000)
  from space 24064K, 99% used [0x00000000e9b80000,0x00000000eb2ffe30,0x00000000eb300000)
  to   space 32256K, 0% used [0x00000000f3800000,0x00000000f3800000,0x00000000f5780000)
 ParOldGen       total 91648K, used 44872K [0x0000000080000000, 0x0000000085980000, 0x00000000d5580000)
  object space 91648K, 48% used [0x0000000080000000,0x0000000082bd20e0,0x0000000085980000)
 Metaspace       used 71291K, capacity 74380K, committed 74664K, reserved 1114112K
  class space    used 9768K, capacity 10395K, committed 10416K, reserved 1048576K
}
Event: 46.089 GC heap before
{Heap before GC invocations=15 (full 3):
 PSYoungGen      total 357888K, used 357887K [0x00000000d5580000, 0x00000000f5780000, 0x0000000100000000)
  eden space 333824K, 100% used [0x00000000d5580000,0x00000000e9b80000,0x00000000e9b80000)
  from space 24064K, 99% used [0x00000000e9b80000,0x00000000eb2ffe30,0x00000000eb300000)
  to   space 32256K, 0% used [0x00000000f3800000,0x00000000f3800000,0x00000000f5780000)
 ParOldGen       total 91648K, used 44872K [0x0000000080000000, 0x0000000085980000, 0x00000000d5580000)
  object space 91648K, 48% used [0x0000000080000000,0x0000000082bd20e0,0x0000000085980000)
 Metaspace       used 76878K, capacity 80516K, committed 80680K, reserved 1118208K
  class space    used 10512K, capacity 11209K, committed 11312K, reserved 1048576K
Event: 46.233 GC heap after
Heap after GC invocations=15 (full 3):
 PSYoungGen      total 472064K, used 32239K [0x00000000d5580000, 0x00000000f7e80000, 0x0000000100000000)
  eden space 439808K, 0% used [0x00000000d5580000,0x00000000d5580000,0x00000000f0300000)
  from space 32256K, 99% used [0x00000000f3800000,0x00000000f577bc30,0x00000000f5780000)
  to   space 54272K, 0% used [0x00000000f0300000,0x00000000f0300000,0x00000000f3800000)
 ParOldGen       total 91648K, used 90075K [0x0000000080000000, 0x0000000085980000, 0x00000000d5580000)
  object space 91648K, 98% used [0x0000000080000000,0x00000000857f6ca0,0x0000000085980000)
 Metaspace       used 76878K, capacity 80516K, committed 80680K, reserved 1118208K
  class space    used 10512K, capacity 11209K, committed 11312K, reserved 1048576K
}
Event: 46.233 GC heap before
{Heap before GC invocations=16 (full 4):
 PSYoungGen      total 472064K, used 32239K [0x00000000d5580000, 0x00000000f7e80000, 0x0000000100000000)
  eden space 439808K, 0% used [0x00000000d5580000,0x00000000d5580000,0x00000000f0300000)
  from space 32256K, 99% used [0x00000000f3800000,0x00000000f577bc30,0x00000000f5780000)
  to   space 54272K, 0% used [0x00000000f0300000,0x00000000f0300000,0x00000000f3800000)
 ParOldGen       total 91648K, used 90075K [0x0000000080000000, 0x0000000085980000, 0x00000000d5580000)
  object space 91648K, 98% used [0x0000000080000000,0x00000000857f6ca0,0x0000000085980000)
 Metaspace       used 76878K, capacity 80516K, committed 80680K, reserved 1118208K
  class space    used 10512K, capacity 11209K, committed 11312K, reserved 1048576K
Event: 47.208 GC heap after
Heap after GC invocations=16 (full 4):
 PSYoungGen      total 472064K, used 20422K [0x00000000d5580000, 0x00000000f7e80000, 0x0000000100000000)
  eden space 439808K, 0% used [0x00000000d5580000,0x00000000d5580000,0x00000000f0300000)
  from space 32256K, 63% used [0x00000000f3800000,0x00000000f4bf1888,0x00000000f5780000)
  to   space 54272K, 0% used [0x00000000f0300000,0x00000000f0300000,0x00000000f3800000)
 ParOldGen       total 181760K, used 91430K [0x0000000080000000, 0x000000008b180000, 0x00000000d5580000)
  object space 181760K, 50% used [0x0000000080000000,0x00000000859498f0,0x000000008b180000)
 Metaspace       used 76728K, capacity 80120K, committed 80680K, reserved 1118208K
  class space    used 10460K, capacity 11117K, committed 11312K, reserved 1048576K
}
Event: 221.582 GC heap before
{Heap before GC invocations=17 (full 4):
 PSYoungGen      total 472064K, used 460229K [0x00000000d5580000, 0x00000000f7e80000, 0x0000000100000000)
  eden space 439808K, 99% used [0x00000000d5580000,0x00000000f02ffe68,0x00000000f0300000)
  from space 32256K, 63% used [0x00000000f3800000,0x00000000f4bf1888,0x00000000f5780000)
  to   space 54272K, 0% used [0x00000000f0300000,0x00000000f0300000,0x00000000f3800000)
 ParOldGen       total 181760K, used 91430K [0x0000000080000000, 0x000000008b180000, 0x00000000d5580000)
  object space 181760K, 50% used [0x0000000080000000,0x00000000859498f0,0x000000008b180000)
 Metaspace       used 87162K, capacity 91260K, committed 91304K, reserved 1128448K
  class space    used 11624K, capacity 12429K, committed 12464K, reserved 1048576K
Event: 221.706 GC heap after
Heap after GC invocations=17 (full 4):
 PSYoungGen      total 494080K, used 32466K [0x00000000d5580000, 0x00000000ff200000, 0x0000000100000000)
  eden space 439808K, 0% used [0x00000000d5580000,0x00000000d5580000,0x00000000f0300000)
  from space 54272K, 59% used [0x00000000f0300000,0x00000000f22b4b08,0x00000000f3800000)
  to   space 55296K, 0% used [0x00000000fbc00000,0x00000000fbc00000,0x00000000ff200000)
 ParOldGen       total 181760K, used 111975K [0x0000000080000000, 0x000000008b180000, 0x00000000d5580000)
  object space 181760K, 61% used [0x0000000080000000,0x0000000086d59eb8,0x000000008b180000)
 Metaspace       used 87162K, capacity 91260K, committed 91304K, reserved 1128448K
  class space    used 11624K, capacity 12429K, committed 12464K, reserved 1048576K
}
Event: 461.264 GC heap before
{Heap before GC invocations=18 (full 4):
 PSYoungGen      total 494080K, used 472274K [0x00000000d5580000, 0x00000000ff200000, 0x0000000100000000)
  eden space 439808K, 100% used [0x00000000d5580000,0x00000000f0300000,0x00000000f0300000)
  from space 54272K, 59% used [0x00000000f0300000,0x00000000f22b4b08,0x00000000f3800000)
  to   space 55296K, 0% used [0x00000000fbc00000,0x00000000fbc00000,0x00000000ff200000)
 ParOldGen       total 181760K, used 111975K [0x0000000080000000, 0x000000008b180000, 0x00000000d5580000)
  object space 181760K, 61% used [0x0000000080000000,0x0000000086d59eb8,0x000000008b180000)
 Metaspace       used 90332K, capacity 94778K, committed 95016K, reserved 1132544K
  class space    used 11912K, capacity 12754K, committed 12848K, reserved 1048576K
Event: 461.296 GC heap after
Heap after GC invocations=18 (full 4):
 PSYoungGen      total 586240K, used 17795K [0x00000000d5580000, 0x00000000fda80000, 0x0000000100000000)
  eden space 555008K, 0% used [0x00000000d5580000,0x00000000d5580000,0x00000000f7380000)
  from space 31232K, 56% used [0x00000000fbc00000,0x00000000fcd60f30,0x00000000fda80000)
  to   space 52736K, 0% used [0x00000000f7380000,0x00000000f7380000,0x00000000fa700000)
 ParOldGen       total 181760K, used 117439K [0x0000000080000000, 0x000000008b180000, 0x00000000d5580000)
  object space 181760K, 64% used [0x0000000080000000,0x00000000872aff88,0x000000008b180000)
 Metaspace       used 90332K, capacity 94778K, committed 95016K, reserved 1132544K
  class space    used 11912K, capacity 12754K, committed 12848K, reserved 1048576K
}

